  Main.cpp
Main.cpp(30): warning C4244: 'argument': conversion from 'time_t' to 'unsigned int', possible loss of data
Main.cpp(52): warning C4838: conversion from 'double' to 'GLfloat' requires a narrowing conversion
Main.cpp(52): warning C4305: 'initializing': truncation from 'double' to 'GLfloat'
Main.cpp(191): warning C4244: '=': conversion from 'double' to 'float', possible loss of data
Main.cpp(192): warning C4244: '=': conversion from 'double' to 'float', possible loss of data
Main.cpp(204): warning C4244: '=': conversion from 'double' to 'float', possible loss of data
soil.lib(SOIL.obj) : warning LNK4075: ignoring '/EDITANDCONTINUE' due to '/OPT:ICF' specification
LINK : warning LNK4098: defaultlib 'MSVCRTD' conflicts with use of other libs; use /NODEFAULTLIB:library
  Generating code
  1 of 228 functions ( 0.4%) were compiled, the rest were copied from previous compilation.
    0 functions were new in current compilation
    0 functions had inline decision re-evaluated but remain unchanged
  Finished generating code
soil.lib(image_DXT.obj) : warning LNK4099: PDB 'SOIL.pdb' was not found with 'soil.lib(image_DXT.obj)' or at 'C:\Users\Jeff\Documents\Visual Studio 2015\Projects\2D_Platform\Release\SOIL.pdb'; linking object as if no debug info
soil.lib(image_helper.obj) : warning LNK4099: PDB 'SOIL.pdb' was not found with 'soil.lib(image_helper.obj)' or at 'C:\Users\Jeff\Documents\Visual Studio 2015\Projects\2D_Platform\Release\SOIL.pdb'; linking object as if no debug info
soil.lib(SOIL.obj) : warning LNK4099: PDB 'SOIL.pdb' was not found with 'soil.lib(SOIL.obj)' or at 'C:\Users\Jeff\Documents\Visual Studio 2015\Projects\2D_Platform\Release\SOIL.pdb'; linking object as if no debug info
soil.lib(stb_image_aug.obj) : warning LNK4099: PDB 'SOIL.pdb' was not found with 'soil.lib(stb_image_aug.obj)' or at 'C:\Users\Jeff\Documents\Visual Studio 2015\Projects\2D_Platform\Release\SOIL.pdb'; linking object as if no debug info
  2D_Platform.vcxproj -> C:\Users\Jeff\Documents\Visual Studio 2015\Projects\2D_Platform\Release\2D_Platform.exe
  2D_Platform.vcxproj -> C:\Users\Jeff\Documents\Visual Studio 2015\Projects\2D_Platform\Release\2D_Platform.pdb (Full PDB)
